0 info it worked if it ends with ok
1 verbose cli [ '/Users/dtysky/.nvm/v0.10.37/bin/node',
1 verbose cli   '/Users/dtysky/.nvm/v0.10.37/bin/npm',
1 verbose cli   'install',
1 verbose cli   'babel-node',
1 verbose cli   '-g' ]
2 info using npm@1.4.28
3 info using node@v0.10.37
4 verbose cache add [ 'babel-node', null ]
5 verbose cache add name=undefined spec="babel-node" args=["babel-node",null]
6 verbose parsed url { protocol: null,
6 verbose parsed url   slashes: null,
6 verbose parsed url   auth: null,
6 verbose parsed url   host: null,
6 verbose parsed url   port: null,
6 verbose parsed url   hostname: null,
6 verbose parsed url   hash: null,
6 verbose parsed url   search: null,
6 verbose parsed url   query: null,
6 verbose parsed url   pathname: 'babel-node',
6 verbose parsed url   path: 'babel-node',
6 verbose parsed url   href: 'babel-node' }
7 silly lockFile ada52164-babel-node babel-node
8 verbose lock babel-node /Users/dtysky/.npm/ada52164-babel-node.lock
9 silly lockFile ada52164-babel-node babel-node
10 silly lockFile ada52164-babel-node babel-node
11 verbose addNamed [ 'babel-node', '' ]
12 verbose addNamed [ null, '*' ]
13 silly lockFile 5e3b2533-babel-node babel-node@
14 verbose lock babel-node@ /Users/dtysky/.npm/5e3b2533-babel-node.lock
15 silly addNameRange { name: 'babel-node', range: '*', hasData: false }
16 verbose request where is /babel-node
17 verbose request registry https://registry.npmjs.org/
18 verbose request id abe29abc087ced1a
19 verbose url raw /babel-node
20 verbose url resolving [ 'https://registry.npmjs.org/', './babel-node' ]
21 verbose url resolved https://registry.npmjs.org/babel-node
22 verbose request where is https://registry.npmjs.org/babel-node
23 info trying registry request attempt 1 at 15:03:02
24 http GET https://registry.npmjs.org/babel-node
25 http 404 https://registry.npmjs.org/babel-node
26 silly registry.get cb [ 404,
26 silly registry.get   { 'content-type': 'application/json',
26 silly registry.get     'cache-control': 'max-age=0',
26 silly registry.get     'content-length': '2',
26 silly registry.get     'accept-ranges': 'bytes',
26 silly registry.get     date: 'Tue, 29 Mar 2016 07:03:00 GMT',
26 silly registry.get     via: '1.1 varnish',
26 silly registry.get     age: '0',
26 silly registry.get     connection: 'keep-alive',
26 silly registry.get     'x-served-by': 'cache-sjc3639-SJC',
26 silly registry.get     'x-cache': 'MISS',
26 silly registry.get     'x-cache-hits': '0',
26 silly registry.get     'x-timer': 'S1459234980.178330,VS0,VE354' } ]
27 silly lockFile 5e3b2533-babel-node babel-node@
28 silly lockFile 5e3b2533-babel-node babel-node@
29 error 404 Not Found
29 error 404
29 error 404 'babel-node' is not in the npm registry.
29 error 404 You should bug the author to publish it
29 error 404
29 error 404 Note that you can also install from a
29 error 404 tarball, folder, or http url, or git url.
30 error System Darwin 14.5.0
31 error command "/Users/dtysky/.nvm/v0.10.37/bin/node" "/Users/dtysky/.nvm/v0.10.37/bin/npm" "install" "babel-node" "-g"
32 error cwd /Users/dtysky/Complex_Mind/MoeNotes
33 error node -v v0.10.37
34 error npm -v 1.4.28
35 error code E404
36 verbose exit [ 1, true ]
